d:\myprogram\microautofocus\microautofocus\x64\debug\microautofocus.pch
d:\myprogram\microautofocus\microautofocus\x64\debug\vc120.pdb
d:\myprogram\microautofocus\microautofocus\x64\debug\vc120.idb
d:\myprogram\microautofocus\microautofocus\x64\debug\stdafx.obj
d:\myprogram\microautofocus\microautofocus\x64\debug\imageprocess.obj
d:\myprogram\microautofocus\microautofocus\x64\debug\microautofocus.obj
d:\myprogram\microautofocus\microautofocus\x64\debug\microautofocusdlg.obj
d:\myprogram\microautofocus\x64\debug\microautofocus.ilk
d:\myprogram\microautofocus\x64\debug\microautofocus.exe
d:\myprogram\microautofocus\x64\debug\microautofocus.pdb
d:\myprogram\microautofocus\microautofocus\x64\debug\microautofocus.res
d:\myprogram\microautofocus\microautofocus\x64\debug\microautofocus.tlog\cl.command.1.tlog
d:\myprogram\microautofocus\microautofocus\x64\debug\microautofocus.tlog\cl.read.1.tlog
d:\myprogram\microautofocus\microautofocus\x64\debug\microautofocus.tlog\cl.write.1.tlog
d:\myprogram\microautofocus\microautofocus\x64\debug\microautofocus.tlog\link.command.1.tlog
d:\myprogram\microautofocus\microautofocus\x64\debug\microautofocus.tlog\link.read.1.tlog
d:\myprogram\microautofocus\microautofocus\x64\debug\microautofocus.tlog\link.write.1.tlog
d:\myprogram\microautofocus\microautofocus\x64\debug\microautofocus.tlog\rc.command.1.tlog
d:\myprogram\microautofocus\microautofocus\x64\debug\microautofocus.tlog\rc.read.1.tlog
d:\myprogram\microautofocus\microautofocus\x64\debug\microautofocus.tlog\rc.write.1.tlog
